TN:
SF:src\controllers\cancelamento-controller.ts
FN:11,(anonymous_7)
FN:22,(anonymous_8)
FN:31,(anonymous_9)
FN:35,(anonymous_10)
FN:63,(anonymous_12)
FN:71,(anonymous_13)
FN:87,(anonymous_14)
FNF:7
FNH:7
FNDA:1,(anonymous_7)
FNDA:4,(anonymous_8)
FNDA:8,(anonymous_9)
FNDA:6,(anonymous_10)
FNDA:6,(anonymous_12)
FNDA:5,(anonymous_13)
FNDA:5,(anonymous_14)
DA:3,1
DA:6,1
DA:11,1
DA:12,1
DA:13,1
DA:14,1
DA:23,4
DA:24,4
DA:25,4
DA:26,4
DA:30,1
DA:31,8
DA:32,8
DA:36,6
DA:38,6
DA:40,2
DA:43,1
DA:48,1
DA:51,5
DA:52,0
DA:59,5
DA:64,6
DA:65,6
DA:69,4
DA:71,5
DA:72,4
DA:79,0
DA:88,5
DA:91,5
DA:93,4
DA:97,1
DA:99,1
DA:106,0
LF:33
LH:30
BRDA:11,0,0,1
BRDA:11,0,1,1
BRDA:51,1,0,0
BRDA:51,2,0,5
BRDA:51,2,1,5
BRDA:69,3,0,4
BRDA:91,4,0,4
BRDA:91,4,1,1
BRDA:97,5,0,1
BRDA:97,5,1,0
BRDA:102,6,0,0
BRDA:102,6,1,1
BRF:12
BRH:9
end_of_record
TN:
SF:src\domain\entities\status-matricula.ts
FN:1,(anonymous_0)
FN:17,(anonymous_1)
FN:27,(anonymous_2)
FN:31,(anonymous_3)
FN:35,(anonymous_4)
FN:39,(anonymous_5)
FNF:6
FNH:6
FNDA:3,(anonymous_0)
FNDA:12,(anonymous_1)
FNDA:26,(anonymous_2)
FNDA:22,(anonymous_3)
FNDA:17,(anonymous_4)
FNDA:2,(anonymous_5)
DA:1,3
DA:2,3
DA:3,3
DA:12,3
DA:22,12
DA:23,12
DA:24,12
DA:28,26
DA:32,22
DA:36,17
DA:40,2
DA:41,0
DA:43,2
LF:13
LH:12
BRDA:1,0,0,3
BRDA:1,0,1,3
BRDA:20,1,0,2
BRDA:40,2,0,0
BRF:4
BRH:3
end_of_record
TN:
SF:src\domain\usecases\cancelar-matricula.ts
FN:9,(anonymous_7)
FN:16,(anonymous_8)
FN:18,(anonymous_9)
FNF:3
FNH:3
FNDA:1,(anonymous_7)
FNDA:3,(anonymous_8)
FNDA:3,(anonymous_9)
DA:6,1
DA:8,1
DA:10,1
DA:11,1
DA:15,1
DA:16,3
DA:20,3
DA:21,1
DA:25,2
DA:28,2
DA:30,1
DA:36,1
DA:39,1
DA:41,1
DA:51,1
DA:54,1
DA:56,1
LF:17
LH:17
BRDA:20,0,0,1
BRDA:28,1,0,1
BRF:2
BRH:2
end_of_record
TN:
SF:src\infra\repositories\status-matricula-repository.ts
FN:12,(anonymous_8)
FN:42,(anonymous_9)
FN:55,(anonymous_11)
FN:111,(anonymous_13)
FN:143,(anonymous_15)
FN:165,(anonymous_17)
FNF:6
FNH:4
FNDA:9,(anonymous_8)
FNDA:3,(anonymous_9)
FNDA:9,(anonymous_11)
FNDA:0,(anonymous_13)
FNDA:1,(anonymous_15)
FNDA:0,(anonymous_17)
DA:1,1
DA:2,1
DA:4,1
DA:5,1
DA:11,1
DA:14,9
DA:15,1
DA:19,8
DA:20,1
DA:24,7
DA:25,7
DA:26,1
DA:30,6
DA:31,1
DA:35,5
DA:36,5
DA:37,5
DA:38,1
DA:43,3
DA:44,3
DA:45,2
DA:51,1
DA:56,9
DA:58,9
DA:61,4
DA:66,4
DA:67,1
DA:68,1
DA:72,3
DA:79,1
DA:82,8
DA:83,5
DA:84,5
DA:88,3
DA:89,1
DA:90,1
DA:94,2
DA:95,1
DA:96,1
DA:100,1
DA:101,1
DA:102,1
DA:106,0
DA:107,0
DA:112,0
DA:113,0
DA:115,0
DA:127,0
DA:128,0
DA:131,0
DA:132,0
DA:135,0
DA:136,0
DA:139,0
DA:148,1
DA:149,1
DA:151,1
DA:152,1
DA:153,0
DA:155,1
DA:158,1
DA:159,1
DA:164,1
DA:165,0
DA:166,0
DA:173,1
DA:174,0
DA:176,1
LF:68
LH:52
BRDA:14,0,0,1
BRDA:19,1,0,1
BRDA:25,2,0,1
BRDA:30,3,0,1
BRDA:37,4,0,1
BRDA:45,5,0,1
BRDA:45,5,1,1
BRDA:66,6,0,1
BRDA:82,7,0,5
BRDA:88,8,0,1
BRDA:94,9,0,1
BRDA:100,10,0,1
BRDA:127,11,0,0
BRDA:131,12,0,0
BRDA:135,13,0,0
BRDA:151,14,0,1
BRDA:151,15,0,0
BRDA:151,15,1,1
BRDA:151,16,0,1
BRDA:151,16,1,1
BRDA:152,17,0,0
BRDA:158,18,0,0
BRDA:158,19,0,0
BRDA:158,19,1,1
BRDA:158,20,0,1
BRDA:158,20,1,1
BRDA:159,21,0,0
BRDA:159,22,0,0
BRDA:159,22,1,1
BRDA:159,23,0,1
BRDA:159,23,1,1
BRDA:173,24,0,0
BRF:32
BRH:22
end_of_record
TN:
SF:src\infra\repositories\errors\database-error.ts
FN:2,(anonymous_0)
FN:9,(anonymous_1)
FN:16,(anonymous_2)
FNF:3
FNH:3
FNDA:10,(anonymous_0)
FNDA:2,(anonymous_1)
FNDA:6,(anonymous_2)
DA:1,1
DA:2,10
DA:3,10
DA:4,10
DA:8,1
DA:10,2
DA:11,2
DA:15,1
DA:17,6
DA:18,6
LF:10
LH:10
BRF:0
BRH:0
end_of_record
