TN:
SF:src\config\database.ts
FN:9,connectDatabase
FN:32,(anonymous_10)
FN:36,(anonymous_11)
FN:46,(anonymous_12)
FN:67,disconnectDatabase
FN:77,(anonymous_15)
FN:77,(anonymous_16)
FNF:7
FNH:1
FNDA:1,connectDatabase
FNDA:0,(anonymous_10)
FNDA:0,(anonymous_11)
FNDA:0,(anonymous_12)
FNDA:0,disconnectDatabase
FNDA:0,(anonymous_15)
FNDA:0,(anonymous_16)
DA:2,1
DA:3,1
DA:5,1
DA:7,1
DA:9,1
DA:10,1
DA:11,1
DA:17,1
DA:19,1
DA:29,0
DA:32,0
DA:33,0
DA:36,0
DA:37,0
DA:46,0
DA:47,0
DA:51,1
DA:58,1
DA:59,0
DA:63,1
DA:67,1
DA:68,0
DA:69,0
DA:70,0
DA:72,0
DA:77,1
DA:78,0
DA:79,0
DA:80,0
DA:81,0
DA:83,0
DA:84,0
LF:32
LH:14
BRDA:7,0,0,1
BRDA:7,0,1,0
BRDA:12,1,0,1
BRDA:12,1,1,0
BRDA:13,2,0,0
BRDA:13,2,1,1
BRDA:13,3,0,1
BRDA:13,3,1,1
BRDA:14,4,0,1
BRDA:14,4,1,0
BRDA:14,5,0,0
BRDA:14,5,1,1
BRDA:14,6,0,1
BRDA:14,6,1,1
BRDA:52,7,0,1
BRDA:52,7,1,0
BRDA:53,8,0,1
BRDA:53,8,1,0
BRDA:54,9,0,1
BRDA:54,9,1,0
BRDA:58,10,0,0
BRDA:63,11,0,1
BRDA:63,11,1,0
BRF:23
BRH:13
end_of_record
TN:
SF:src\controllers\cancelamento-controller.ts
FN:11,(anonymous_7)
FN:22,(anonymous_8)
FN:31,(anonymous_9)
FN:35,(anonymous_10)
FN:54,(anonymous_12)
FN:62,(anonymous_13)
FN:73,(anonymous_14)
FNF:7
FNH:7
FNDA:1,(anonymous_7)
FNDA:2,(anonymous_8)
FNDA:4,(anonymous_9)
FNDA:4,(anonymous_10)
FNDA:4,(anonymous_12)
FNDA:3,(anonymous_13)
FNDA:3,(anonymous_14)
DA:3,1
DA:6,1
DA:11,1
DA:12,1
DA:13,1
DA:14,1
DA:23,2
DA:24,2
DA:25,2
DA:26,2
DA:30,1
DA:31,4
DA:32,4
DA:36,4
DA:38,4
DA:40,2
DA:43,1
DA:48,1
DA:50,3
DA:55,4
DA:56,4
DA:60,2
DA:62,3
DA:63,2
DA:69,0
DA:74,3
DA:76,3
DA:77,2
DA:81,1
DA:82,1
DA:88,0
LF:31
LH:29
BRDA:11,0,0,1
BRDA:11,0,1,1
BRDA:60,1,0,2
BRDA:76,2,0,2
BRDA:76,2,1,1
BRDA:81,3,0,1
BRDA:81,3,1,0
BRDA:85,4,0,0
BRDA:85,4,1,1
BRF:9
BRH:7
end_of_record
TN:
SF:src\domain\entities\status-matricula.ts
FN:1,(anonymous_0)
FN:17,(anonymous_1)
FN:27,(anonymous_2)
FN:31,(anonymous_3)
FN:35,(anonymous_4)
FN:39,(anonymous_5)
FNF:6
FNH:6
FNDA:3,(anonymous_0)
FNDA:2,(anonymous_1)
FNDA:3,(anonymous_2)
FNDA:2,(anonymous_3)
FNDA:2,(anonymous_4)
FNDA:2,(anonymous_5)
DA:1,3
DA:2,3
DA:3,3
DA:12,3
DA:22,2
DA:23,2
DA:24,2
DA:28,3
DA:32,2
DA:36,2
DA:40,2
DA:41,0
DA:43,2
LF:13
LH:12
BRDA:1,0,0,3
BRDA:1,0,1,3
BRDA:20,1,0,1
BRDA:40,2,0,0
BRF:4
BRH:3
end_of_record
TN:
SF:src\domain\usecases\cancelar-matricula.ts
FN:9,(anonymous_7)
FN:16,(anonymous_8)
FN:18,(anonymous_9)
FNF:3
FNH:3
FNDA:1,(anonymous_7)
FNDA:3,(anonymous_8)
FNDA:3,(anonymous_9)
DA:6,1
DA:8,1
DA:10,1
DA:11,1
DA:15,1
DA:16,3
DA:20,3
DA:21,1
DA:25,2
DA:28,2
DA:30,1
DA:36,1
DA:39,1
DA:41,1
DA:51,1
DA:54,1
DA:56,1
LF:17
LH:17
BRDA:20,0,0,1
BRDA:28,1,0,1
BRF:2
BRH:2
end_of_record
TN:
SF:src\infra\repositories\status-matricula-repository.ts
FN:12,(anonymous_8)
FN:42,(anonymous_9)
FN:55,(anonymous_11)
FN:111,(anonymous_13)
FN:143,(anonymous_15)
FN:165,(anonymous_17)
FNF:6
FNH:0
FNDA:0,(anonymous_8)
FNDA:0,(anonymous_9)
FNDA:0,(anonymous_11)
FNDA:0,(anonymous_13)
FNDA:0,(anonymous_15)
FNDA:0,(anonymous_17)
DA:1,1
DA:2,1
DA:4,1
DA:5,1
DA:11,1
DA:14,0
DA:15,0
DA:19,0
DA:20,0
DA:24,0
DA:25,0
DA:26,0
DA:30,0
DA:31,0
DA:35,0
DA:36,0
DA:37,0
DA:38,0
DA:43,0
DA:44,0
DA:45,0
DA:51,0
DA:56,0
DA:58,0
DA:61,0
DA:66,0
DA:67,0
DA:68,0
DA:72,0
DA:79,0
DA:82,0
DA:83,0
DA:84,0
DA:88,0
DA:89,0
DA:90,0
DA:94,0
DA:95,0
DA:96,0
DA:100,0
DA:101,0
DA:102,0
DA:106,0
DA:107,0
DA:112,0
DA:113,0
DA:115,0
DA:127,0
DA:128,0
DA:131,0
DA:132,0
DA:135,0
DA:136,0
DA:139,0
DA:148,0
DA:149,0
DA:151,0
DA:152,0
DA:153,0
DA:155,0
DA:158,0
DA:159,0
DA:164,0
DA:165,0
DA:166,0
DA:173,0
DA:174,0
DA:176,0
LF:68
LH:5
BRDA:14,0,0,0
BRDA:19,1,0,0
BRDA:25,2,0,0
BRDA:30,3,0,0
BRDA:37,4,0,0
BRDA:45,5,0,0
BRDA:45,5,1,0
BRDA:66,6,0,0
BRDA:82,7,0,0
BRDA:88,8,0,0
BRDA:94,9,0,0
BRDA:100,10,0,0
BRDA:127,11,0,0
BRDA:131,12,0,0
BRDA:135,13,0,0
BRDA:151,14,0,0
BRDA:151,15,0,0
BRDA:151,15,1,0
BRDA:151,16,0,0
BRDA:151,16,1,0
BRDA:152,17,0,0
BRDA:158,18,0,0
BRDA:158,19,0,0
BRDA:158,19,1,0
BRDA:158,20,0,0
BRDA:158,20,1,0
BRDA:159,21,0,0
BRDA:159,22,0,0
BRDA:159,22,1,0
BRDA:159,23,0,0
BRDA:159,23,1,0
BRDA:173,24,0,0
BRF:32
BRH:0
end_of_record
TN:
SF:src\infra\repositories\errors\database-error.ts
FN:2,(anonymous_0)
FN:9,(anonymous_1)
FN:16,(anonymous_2)
FNF:3
FNH:0
FNDA:0,(anonymous_0)
FNDA:0,(anonymous_1)
FNDA:0,(anonymous_2)
DA:1,1
DA:2,0
DA:3,0
DA:4,0
DA:8,1
DA:10,0
DA:11,0
DA:15,1
DA:17,0
DA:18,0
LF:10
LH:3
BRF:0
BRH:0
end_of_record
TN:
SF:src\models\StatusMatricula.ts
FNF:0
FNH:0
DA:1,1
DA:2,1
DA:4,1
DA:33,1
LF:4
LH:4
BRF:0
BRH:0
end_of_record
